<?xml version="1.0" encoding="UTF-8"?>
<!-- Generated by org.testng.reporters.JUnitReportReporter -->
<testsuite skipped="0" hostname="CWLK-LATHIKAH" name="polkatta.project.test.EditYourAdvertiesment" tests="1" failures="0" timestamp="04 Sep 2018 09:44:54 GMT" time="32.456" errors="0">
  <testcase name="editmyAdvertiesmentTest" time="32.456" classname="polkatta.project.test.EditYourAdvertiesment"/>
</testsuite> <!-- polkatta.project.test.EditYourAdvertiesment -->
