<?xml version="1.0" encoding="UTF-8"?>
<!-- Generated by org.testng.reporters.JUnitReportReporter -->
<testsuite skipped="0" hostname="LathikaPC" name="polkatta.project.test.EditYourAdvertiesment" tests="1" failures="0" timestamp="06 Sep 2018 17:04:01 GMT" time="30.414" errors="0">
  <testcase name="editmyAdvertiesmentTest" time="30.414" classname="polkatta.project.test.EditYourAdvertiesment"/>
</testsuite> <!-- polkatta.project.test.EditYourAdvertiesment -->
